#
# There is insufficient memory for the Java Runtime Environment to continue.
# Native memory allocation (mmap) failed to map 266338304 bytes for G1 virtual space
# Possible reasons:
#   The system is out of physical RAM or swap space
#   The process is running with CompressedOops enabled, and the Java Heap may be blocking the growth of the native heap
# Possible solutions:
#   Reduce memory load on the system
#   Increase physical memory or swap space
#   Check if swap backing store is full
#   Decrease Java heap size (-Xmx/-Xms)
#   Decrease number of Java threads
#   Decrease Java thread stack sizes (-Xss)
#   Set larger code cache with -XX:ReservedCodeCacheSize=
#   JVM is running with Zero Based Compressed Oops mode in which the Java heap is
#     placed in the first 32GB address space. The Java Heap base address is the
#     maximum limit for the native heap growth. Please use -XX:HeapBaseMinAddress
#     to set the Java Heap base and to place the Java Heap above 32GB virtual address.
# This output file may be truncated or incomplete.
#
#  Out of Memory Error (os_windows.cpp:3600), pid=15160, tid=26216
#
# JRE version:  (21.0.2+13) (build )
# Java VM: Java HotSpot(TM) 64-Bit Server VM (21.0.2+13-LTS-58, mixed mode, sharing, tiered, compressed oops, compressed class ptrs, g1 gc, windows-amd64)
# No core dump will be written. Minidumps are not enabled by default on client versions of Windows
#

---------------  S U M M A R Y ------------

Command Line: -javaagent:D:\Program Files\IntelliJ IDEA Community Edition 2023.3.4\lib\idea_rt.jar=62434:D:\Program Files\IntelliJ IDEA Community Edition 2023.3.4\bin -Dfile.encoding=UTF-8 -Dsun.stdout.encoding=UTF-8 -Dsun.stderr.encoding=UTF-8 core.DTNSim

Host: Intel(R) Core(TM) i5-9300H CPU @ 2.40GHz, 8 cores, 15G,  Windows 11 , 64 bit Build 22621 (10.0.22621.3672)
Time: Sat Jun  8 15:29:49 2024 SE Asia Standard Time elapsed time: 0.015119 seconds (0d 0h 0m 0s)

---------------  T H R E A D  ---------------

Current thread (0x00000152bfb56690):  JavaThread "Unknown thread" [_thread_in_vm, id=26216, stack(0x0000005280900000,0x0000005280a00000) (1024K)]

Stack: [0x0000005280900000,0x0000005280a00000]
Native frames: (J=compiled Java code, j=interpreted, Vv=VM code, C=native code)
V  [jvm.dll+0x6cade9]
V  [jvm.dll+0x8569c1]
V  [jvm.dll+0x858d2e]
V  [jvm.dll+0x859413]
V  [jvm.dll+0x280e56]
V  [jvm.dll+0x6c74d5]
V  [jvm.dll+0x6bbeca]
V  [jvm.dll+0x355bca]
V  [jvm.dll+0x35d816]
V  [jvm.dll+0x3ae67e]
V  [jvm.dll+0x3ae928]
V  [jvm.dll+0x3295dc]
V  [jvm.dll+0x32a16b]
V  [jvm.dll+0x81efa9]
V  [jvm.dll+0x3bba01]
V  [jvm.dll+0x807928]
V  [jvm.dll+0x44f50e]
V  [jvm.dll+0x450e11]
C  [jli.dll+0x52a3]
C  [ucrtbase.dll+0x29333]
C  [KERNEL32.DLL+0x1257d]
C  [ntdll.dll+0x5aa48]


---------------  P R O C E S S  ---------------

Threads class SMR info:
_java_thread_list=0x00007ffef1a5bb88, length=0, elements={
}

Java Threads: ( => current thread )
Total: 0

Other Threads:
  0x00000152bfbbfe30 WorkerThread "GC Thread#0"                     [id=11004, stack(0x0000005280a00000,0x0000005280b00000) (1024K)]
  0x00000152bfbd2da0 ConcurrentGCThread "G1 Main Marker"            [id=21204, stack(0x0000005280b00000,0x0000005280c00000) (1024K)]
  0x00000152bfbd38a0 WorkerThread "G1 Conc#0"                       [id=16816, stack(0x0000005280c00000,0x0000005280d00000) (1024K)]

[error occurred during error reporting (printing all threads), id 0xc0000005, EXCEPTION_ACCESS_VIOLATION (0xc0000005) at pc=0x00007ffef11cc6a7]
VM state: not at safepoint (not fully initialized)

VM Mutex/Monitor currently owned by a thread:  ([mutex/lock_event])
[0x00007ffef1acce68] Heap_lock - owner thread: 0x00000152bfb56690

Heap address: 0x0000000702400000, size: 4060 MB, Compressed Oops mode: Zero based, Oop shift amount: 3

CDS archive(s) mapped at: [0x0000000000000000-0x0000000000000000-0x0000000000000000), size 0, SharedBaseAddress: 0x0000000800000000, ArchiveRelocationMode: 1.
Narrow klass base: 0x0000000000000000, Narrow klass shift: 0, Narrow klass range: 0x0

GC Precious Log:
 CardTable entry size: 512
 Card Set container configuration: InlinePtr #cards 4 size 8 Array Of Cards #cards 16 size 48 Howl #buckets 8 coarsen threshold 3686 Howl Bitmap #cards 512 size 80 coarsen threshold 460 Card regions per heap region 1 cards per card region 4096

Heap:
 garbage-first heap   total 0K, used 0K [0x0000000702400000, 0x0000000800000000)
  region size 2048K, 0 young (0K), 0 survivors (0K)

[error occurred during error reporting (printing heap information), id 0xc0000005, EXCEPTION_ACCESS_VIOLATION (0xc0000005) at pc=0x00007ffef15b39f9]
GC Heap History (0 events):
No events

Dll operation events (1 events):
Event: 0.012 Loaded shared library C:\Program Files\Java\jdk-21\bin\java.dll

Deoptimization events (0 events):
No events

Classes loaded (0 events):
No events

Classes unloaded (0 events):
No events

Classes redefined (0 events):
No events

Internal exceptions (0 events):
No events

ZGC Phase Switch (0 events):
No events

VM Operations (0 events):
No events

Events (0 events):
No events


Dynamic libraries:
0x00007ff6df7b0000 - 0x00007ff6df7c0000 	C:\Program Files\Java\jdk-21\bin\java.exe
0x00007fff9ea30000 - 0x00007fff9ec47000 	C:\WINDOWS\SYSTEM32\ntdll.dll
0x00007fff9e280000 - 0x00007fff9e344000 	C:\WINDOWS\System32\KERNEL32.DLL
0x00007fff9c2a0000 - 0x00007fff9c64c000 	C:\WINDOWS\System32\KERNELBASE.dll
0x00007fff9bd60000 - 0x00007fff9be71000 	C:\WINDOWS\System32\ucrtbase.dll
0x00007fff86400000 - 0x00007fff8641b000 	C:\Program Files\Java\jdk-21\bin\VCRUNTIME140.dll
0x00007fff863e0000 - 0x00007fff863f9000 	C:\Program Files\Java\jdk-21\bin\jli.dll
0x00007fff9d710000 - 0x00007fff9d7c2000 	C:\WINDOWS\System32\ADVAPI32.dll
0x00007fff9e7f0000 - 0x00007fff9e897000 	C:\WINDOWS\System32\msvcrt.dll
0x00007fff9dba0000 - 0x00007fff9dc48000 	C:\WINDOWS\System32\sechost.dll
0x00007fff9be80000 - 0x00007fff9bea8000 	C:\WINDOWS\System32\bcrypt.dll
0x00007fff9dc50000 - 0x00007fff9dd65000 	C:\WINDOWS\System32\RPCRT4.dll
0x00007fff9d4f0000 - 0x00007fff9d69e000 	C:\WINDOWS\System32\USER32.dll
0x00007fff9c6d0000 - 0x00007fff9c6f6000 	C:\WINDOWS\System32\win32u.dll
0x00007fff8cfb0000 - 0x00007fff8d243000 	C:\WINDOWS\WinSxS\amd64_microsoft.windows.common-controls_6595b64144ccf1df_6.0.22621.3672_none_2713b9d173822955\COMCTL32.dll
0x00007fff9e920000 - 0x00007fff9e949000 	C:\WINDOWS\System32\GDI32.dll
0x00007fff9c020000 - 0x00007fff9c139000 	C:\WINDOWS\System32\gdi32full.dll
0x00007fff9c140000 - 0x00007fff9c1da000 	C:\WINDOWS\System32\msvcp_win.dll
0x00007fff952d0000 - 0x00007fff952da000 	C:\WINDOWS\SYSTEM32\VERSION.dll
0x00007fff9e950000 - 0x00007fff9e981000 	C:\WINDOWS\System32\IMM32.DLL
0x00007fff863d0000 - 0x00007fff863dc000 	C:\Program Files\Java\jdk-21\bin\vcruntime140_1.dll
0x00007fff75c60000 - 0x00007fff75cee000 	C:\Program Files\Java\jdk-21\bin\msvcp140.dll
0x00007ffef0e90000 - 0x00007ffef1ba7000 	C:\Program Files\Java\jdk-21\bin\server\jvm.dll
0x00007fff9cc10000 - 0x00007fff9cc81000 	C:\WINDOWS\System32\WS2_32.dll
0x00007fff9abb0000 - 0x00007fff9abfd000 	C:\WINDOWS\SYSTEM32\POWRPROF.dll
0x00007fff90920000 - 0x00007fff90954000 	C:\WINDOWS\SYSTEM32\WINMM.dll
0x00007fff9ab90000 - 0x00007fff9aba3000 	C:\WINDOWS\SYSTEM32\UMPDC.dll
0x00007fff9ae40000 - 0x00007fff9ae58000 	C:\WINDOWS\SYSTEM32\kernel.appcore.dll
0x00007fff85b70000 - 0x00007fff85b7a000 	C:\Program Files\Java\jdk-21\bin\jimage.dll
0x00007fff8ddd0000 - 0x00007fff8e002000 	C:\WINDOWS\SYSTEM32\DBGHELP.DLL
0x00007fff9d810000 - 0x00007fff9db98000 	C:\WINDOWS\System32\combase.dll
0x00007fff9e610000 - 0x00007fff9e6e7000 	C:\WINDOWS\System32\OLEAUT32.dll
0x00007fff79ff0000 - 0x00007fff7a022000 	C:\WINDOWS\SYSTEM32\dbgcore.DLL
0x00007fff9c650000 - 0x00007fff9c6cb000 	C:\WINDOWS\System32\bcryptPrimitives.dll
0x00007fff85b40000 - 0x00007fff85b4f000 	C:\Program Files\Java\jdk-21\bin\instrument.dll
0x00007fff85b50000 - 0x00007fff85b6f000 	C:\Program Files\Java\jdk-21\bin\java.dll

dbghelp: loaded successfully - version: 4.0.5 - missing functions: none
symbol engine: initialized successfully - sym options: 0x614 - pdb path: .;C:\Program Files\Java\jdk-21\bin;C:\WINDOWS\SYSTEM32;C:\WINDOWS\WinSxS\amd64_microsoft.windows.common-controls_6595b64144ccf1df_6.0.22621.3672_none_2713b9d173822955;C:\Program Files\Java\jdk-21\bin\server

VM Arguments:
jvm_args: -javaagent:D:\Program Files\IntelliJ IDEA Community Edition 2023.3.4\lib\idea_rt.jar=62434:D:\Program Files\IntelliJ IDEA Community Edition 2023.3.4\bin -Dfile.encoding=UTF-8 -Dsun.stdout.encoding=UTF-8 -Dsun.stderr.encoding=UTF-8 
java_command: core.DTNSim
java_class_path (initial): D:\Tesis_Fauzan\dtn-custom\out\production\dtn-custom;D:\Tesis_Fauzan\dtn-custom\lib\ECLA.jar;D:\Tesis_Fauzan\dtn-custom\lib\DTNConsoleConnection.jar;D:\Tesis_Fauzan\dtn-custom\lib\junit-4.11.jar;D:\Tesis_Fauzan\dtn-custom\lib\json-simple-1.1.jar
Launcher Type: SUN_STANDARD

[Global flags]
     intx CICompilerCount                          = 4                                         {product} {ergonomic}
     uint ConcGCThreads                            = 2                                         {product} {ergonomic}
     uint G1ConcRefinementThreads                  = 8                                         {product} {ergonomic}
   size_t G1HeapRegionSize                         = 2097152                                   {product} {ergonomic}
    uintx GCDrainStackTargetSize                   = 64                                        {product} {ergonomic}
   size_t InitialHeapSize                          = 266338304                                 {product} {ergonomic}
   size_t MarkStackSize                            = 4194304                                   {product} {ergonomic}
   size_t MaxHeapSize                              = 4257218560                                {product} {ergonomic}
   size_t MinHeapDeltaBytes                        = 2097152                                   {product} {ergonomic}
   size_t MinHeapSize                              = 8388608                                   {product} {ergonomic}
    uintx NonNMethodCodeHeapSize                   = 5839372                                {pd product} {ergonomic}
    uintx NonProfiledCodeHeapSize                  = 122909434                              {pd product} {ergonomic}
    uintx ProfiledCodeHeapSize                     = 122909434                              {pd product} {ergonomic}
    uintx ReservedCodeCacheSize                    = 251658240                              {pd product} {ergonomic}
     bool SegmentedCodeCache                       = true                                      {product} {ergonomic}
   size_t SoftMaxHeapSize                          = 4257218560                             {manageable} {ergonomic}
     bool UseCompressedOops                        = true                           {product lp64_product} {ergonomic}
     bool UseG1GC                                  = true                                      {product} {ergonomic}
     bool UseLargePagesIndividualAllocation        = false                                  {pd product} {ergonomic}

Logging:
Log output configuration:
 #0: stdout all=warning uptime,level,tags foldmultilines=false
 #1: stderr all=off uptime,level,tags foldmultilines=false

Environment Variables:
PATH=C:\Program Files (x86)\VMware\VMware Player\bin\;C:\Program Files\Common Files\Oracle\Java\javapath;C:\Program Files (x86)\Common Files\Intel\Shared Libraries\redist\intel64\compiler;C:\Windows\system32;C:\Windows;C:\Windows\System32\Wbem;C:\Windows\System32\WindowsPowerShell\v1.0\;C:\Windows\System32\OpenSSH\;C:\Program Files (x86)\NVIDIA Corporation\PhysX\Common;C:\Program Files\NVIDIA Corporation\NVIDIA NvDLISR;C:\WINDOWS\system32;C:\WINDOWS;C:\WINDOWS\System32\Wbem;C:\WINDOWS\System32\WindowsPowerShell\v1.0\;C:\WINDOWS\System32\OpenSSH\;%PYTHON_HOME%;D:\Matlab\bin;C:\Program Files (x86)\ZeroTier\One\;C:\ProgramData\chocolatey\bin;C:\Program Files\dotnet\;C:\Program Files\Git\cmd;C:\TDM-GCC-64\bin;C:\Users\Ocan\AppData\Local\Programs\MiKTeX\miktex\bin\x64;C:\Program Files\Pandoc\;%NVM_HOME%;%NVM_SYMLINK%;C:\Users\Ocan\AppData\Local\Programs\Python\Python312\Scripts\;C:\Users\Ocan\AppData\Local\Programs\Python\Python312\;C:\Users\Ocan\AppData\Local\Programs\Python\Launcher\;C:\Users\Ocan\AppData\Local\Microsoft\WindowsApps;C:\Program Files\JetBrains\PyCharm Community Edition 2020.2.3\bin;;C:\Users\Ocan\AppData\Local\Programs\Microsoft VS Code\bin;C:\Users\Ocan\AppData\Local\GitHubDesktop\bin;C:\Users\Ocan\AppData\Roaming\npm;C:\Users\Ocan\AppData\Local\Programs\MiKTeX\miktex\bin\x64\;F:\Quartus\altera\13.0sp1\modelsim_ase\win32aloem;F:\Quartus\altera\13.0sp1\modelsim_ae\win32aloem;C:\Program Files\JetBrains\IntelliJ IDEA 2023.3.4\bin;;D:\Program Files\IntelliJ IDEA Community Edition 2023.3.4\bin;;C:\Users\Ocan\AppData\Roaming\nvm;C:\Program Files\nodejs;c:\users\ocan\.local\bin;c:\users\ocan\appdata\roaming\python\python312\scripts
USERNAME=Ocan
OS=Windows_NT
PROCESSOR_IDENTIFIER=Intel64 Family 6 Model 158 Stepping 13, GenuineIntel
TMP=C:\Users\Ocan\AppData\Local\Temp
TEMP=C:\Users\Ocan\AppData\Local\Temp




Periodic native trim disabled

---------------  S Y S T E M  ---------------

OS:
 Windows 11 , 64 bit Build 22621 (10.0.22621.3672)
OS uptime: 8 days 3:46 hours
Hyper-V role detected

CPU: total 8 (initial active 8) (4 cores per cpu, 2 threads per core) family 6 model 158 stepping 13 microcode 0xde, cx8, cmov, fxsr, ht, mmx, 3dnowpref, sse, sse2, sse3, ssse3, sse4.1, sse4.2, popcnt, lzcnt, tsc, tscinvbit, avx, avx2, aes, erms, clmul, bmi1, bmi2, adx, fma, vzeroupper, clflush, clflushopt, hv, rdtscp, f16c
Processor Information for all 8 processors :
  Max Mhz: 2400, Current Mhz: 2400, Mhz Limit: 2400

Memory: 4k page, system-wide physical 16236M (1665M free)
TotalPageFile size 20332M (AvailPageFile size 136M)
current process WorkingSet (physical memory assigned to process): 11M, peak: 11M
current process commit charge ("private bytes"): 60M, peak: 314M

vm_info: Java HotSpot(TM) 64-Bit Server VM (21.0.2+13-LTS-58) for windows-amd64 JRE (21.0.2+13-LTS-58), built on 2024-01-05T18:32:24Z by "mach5one" with MS VC++ 17.1 (VS2022)

END.
